<?xml version="1.0" encoding="UTF-8"?>
<!-- Generated by org.testng.reporters.JUnitXMLReporter -->
<testsuite hostname="PL" ignored="3" name="sanityrun" tests="1" failures="0" timestamp="2022-09-01T20:39:46 IST" time="26.519" errors="0">
  <testcase name="verfiyInvalidCredentialsErrorMessage" time="4.434" classname="com.supermarket.tests.LoginTest"/>
  <testcase name="verfiyLogin" time="0.0" classname="com.supermarket.tests.LoginTest">
    <ignored/>
  </testcase> <!-- verfiyLogin -->
  <testcase name="verifyCreatedAdminLogin" time="0.0" classname="com.supermarket.tests.LoginTest">
    <ignored/>
  </testcase> <!-- verifyCreatedAdminLogin -->
  <testcase name="verifySearchButtonColor" time="0.0" classname="com.supermarket.tests.ManageOrdersTest">
    <ignored/>
  </testcase> <!-- verifySearchButtonColor -->
</testsuite> <!-- sanityrun -->
