<?xml version="1.0" encoding="UTF-8"?>
<!-- Generated by org.testng.reporters.JUnitXMLReporter -->
<testsuite hostname="PL" ignored="1" name="Default test" tests="1" failures="0" timestamp="2022-09-12T20:05:21 IST" time="11.303" errors="0">
  <testcase name="verifyThatOfferCodeAlreadyExists" time="3.059" classname="com.supermarket.tests.ManageOfferCodeTest"/>
  <testcase name="verifyThatOfferCreatedSuccessfullyOrNot" time="0.0" classname="com.supermarket.tests.ManageOfferCodeTest">
    <ignored/>
  </testcase> <!-- verifyThatOfferCreatedSuccessfullyOrNot -->
</testsuite> <!-- Default test -->
