<?xml version="1.0" encoding="UTF-8"?>
<!-- Generated by org.testng.reporters.JUnitXMLReporter -->
<testsuite hostname="PL" ignored="3" name="Default test" tests="1" failures="0" timestamp="2022-09-11T15:25:00 IST" time="12.332" errors="0">
  <testcase name="verifyThatAdminLogout" time="3.254" classname="com.supermarket.tests.LoginTest"/>
  <testcase name="verifyInvalidCredentialsErrorMessage" time="0.0" classname="com.supermarket.tests.LoginTest">
    <ignored/>
  </testcase> <!-- verifyInvalidCredentialsErrorMessage -->
  <testcase name="verifyLogin" time="0.0" classname="com.supermarket.tests.LoginTest">
    <ignored/>
  </testcase> <!-- verifyLogin -->
  <testcase name="verifyCreatedAdminLogin" time="0.0" classname="com.supermarket.tests.LoginTest">
    <ignored/>
  </testcase> <!-- verifyCreatedAdminLogin -->
</testsuite> <!-- Default test -->
