<?xml version="1.0" encoding="UTF-8"?>
<testng-results skipped="0" failed="0" ignored="3" total="4" passed="1">
  <reporter-output>
  </reporter-output>
  <suite name="Default suite" duration-ms="12332" started-at="2022-09-11T15:24:47 IST" finished-at="2022-09-11T15:25:00 IST">
    <groups>
    </groups>
    <test name="Default test" duration-ms="12332" started-at="2022-09-11T15:24:47 IST" finished-at="2022-09-11T15:25:00 IST">
      <class name="com.supermarket.tests.LoginTest">
        <test-method status="PASS" signature="setUp()[pri:0, instance:com.supermarket.tests.LoginTest@61ca2dfa]" name="setUp" is-config="true" duration-ms="9016" started-at="2022-09-11T15:24:47 IST" finished-at="2022-09-11T15:24:56 IST">
          <reporter-output>
          </reporter-output>
        </test-method> <!-- setUp -->
        <test-method status="PASS" signature="verifyThatAdminLogout()[pri:0, instance:com.supermarket.tests.LoginTest@61ca2dfa]" name="verifyThatAdminLogout" duration-ms="3254" started-at="2022-09-11T15:24:57 IST" finished-at="2022-09-11T15:25:00 IST">
          <reporter-output>
          </reporter-output>
        </test-method> <!-- verifyThatAdminLogout -->
        <test-method status="PASS" signature="tearDown(org.testng.ITestResult)[pri:0, instance:com.supermarket.tests.LoginTest@61ca2dfa]" name="tearDown" is-config="true" duration-ms="2" started-at="2022-09-11T15:25:00 IST" finished-at="2022-09-11T15:25:00 IST">
          <params>
            <param index="0">
              <value>
                <![CDATA[[TestResult name=verifyThatAdminLogout status=SUCCESS method=LoginTest.verifyThatAdminLogout()[pri:0, instance:com.supermarket.tests.LoginTest@61ca2dfa] output={null}]]]>
              </value>
            </param>
          </params>
          <reporter-output>
          </reporter-output>
        </test-method> <!-- tearDown -->
      </class> <!-- com.supermarket.tests.LoginTest -->
    </test> <!-- Default test -->
  </suite> <!-- Default suite -->
</testng-results>
